  Creating makefile for LostMemoriesEditor (no existing makefile)
  Creating makefile for UnrealHeaderTool (no existing makefile)
  Parsing headers for LostMemoriesEditor
<<<<<<< HEAD
    Running UnrealHeaderTool "D:\11.5\LostMemory\LostMemories.uproject" "D:\11.5\LostMemory\Intermediate\Build\Win64\LostMemoriesEditor\Development\LostMemoriesEditor.uhtmanifest" -LogCmds="loginit warning, logexit warning, logdatabase error" -Unattended -WarningsAsErrors -abslog="D:\UnrealEngine-release\Engine\Programs\UnrealBuildTool\Log_UHT.txt"
  LogInit: Display: Loading text-based GConfig....
  Reflection code generated for LostMemoriesEditor in 4.0777875 seconds
=======
    Running UnrealHeaderTool "D:\11.5\LostMemories8\LostMemories.uproject" "D:\11.5\LostMemories8\Intermediate\Build\Win64\LostMemoriesEditor\Development\LostMemoriesEditor.uhtmanifest" -LogCmds="loginit warning, logexit warning, logdatabase error" -Unattended -WarningsAsErrors -abslog="D:\UnrealEngine-release\Engine\Programs\UnrealBuildTool\Log_UHT.txt"
  LogInit: Display: Loading text-based GConfig....
  Reflection code generated for LostMemoriesEditor in 3.2462551 seconds
>>>>>>> a4e4bb8efbaa354d3f69307f765b83379fed2192
  Creating makefile for ShaderCompileWorker (no existing makefile)
  Building LostMemoriesEditor and ShaderCompileWorker...
  Using Visual Studio 2019 14.29.30136 toolchain (D:\VS2019\VC\Tools\MSVC\14.29.30133) and Windows 10.0.19041.0 SDK (C:\Program Files (x86)\Windows Kits\10).
  Building 7 actions with 16 processes...
    [1/7] LostMemories.cpp
    [2/7] LostMemoriesGameModeBase.cpp
    [3/7] LostMemories.init.gen.cpp
    [4/7] LostMemoriesGameModeBase.gen.cpp
<<<<<<< HEAD
    [5/7] UE4Editor-LostMemories-0001.lib
      正在创建库 D:\11.5\LostMemory\Intermediate\Build\Win64\UE4Editor\Development\LostMemories\UE4Editor-LostMemories-0001.lib 和对象 D:\11.5\LostMemory\Intermediate\Build\Win64\UE4Editor\Development\LostMemories\UE4Editor-LostMemories-0001.exp
    [6/7] UE4Editor-LostMemories-0001.dll
      正在创建库 D:\11.5\LostMemory\Intermediate\Build\Win64\UE4Editor\Development\LostMemories\UE4Editor-LostMemories-0001.suppressed.lib 和对象 D:\11.5\LostMemory\Intermediate\Build\Win64\UE4Editor\Development\LostMemories\UE4Editor-LostMemories-0001.suppressed.exp
    [7/7] LostMemoriesEditor.target
  Total time in Parallel executor: 5.73 seconds
  Total execution time: 14.41 seconds
=======
    [5/7] UE4Editor-LostMemories.lib
      正在创建库 D:\11.5\LostMemories8\Intermediate\Build\Win64\UE4Editor\Development\LostMemories\UE4Editor-LostMemories.lib 和对象 D:\11.5\LostMemories8\Intermediate\Build\Win64\UE4Editor\Development\LostMemories\UE4Editor-LostMemories.exp
    [6/7] UE4Editor-LostMemories.dll
      正在创建库 D:\11.5\LostMemories8\Intermediate\Build\Win64\UE4Editor\Development\LostMemories\UE4Editor-LostMemories.suppressed.lib 和对象 D:\11.5\LostMemories8\Intermediate\Build\Win64\UE4Editor\Development\LostMemories\UE4Editor-LostMemories.suppressed.exp
    [7/7] LostMemoriesEditor.target
  Total time in Parallel executor: 1.36 seconds
  Total execution time: 8.53 seconds
>>>>>>> a4e4bb8efbaa354d3f69307f765b83379fed2192
